<?xml version="1.0" encoding="UTF-8"?>
<testng-results skipped="0" failed="1" ignored="0" total="3" passed="2">
  <reporter-output>
  </reporter-output>
  <suite name="Suite" duration-ms="14691" started-at="2017-12-11T14:45:37Z" finished-at="2017-12-11T14:45:52Z">
    <groups>
    </groups>
    <test name="Testthcg" duration-ms="14691" started-at="2017-12-11T14:45:37Z" finished-at="2017-12-11T14:45:52Z">
      <class name="THCG.VerifyNewSiteSetup">
        <test-method status="PASS" signature="setbrowser(java.lang.String)[pri:0, instance:THCG.VerifyNewSiteSetup@e320068]" name="setbrowser" is-config="true" duration-ms="1990" started-at="2017-12-11T20:15:37Z" finished-at="2017-12-11T20:15:39Z">
          <params>
            <param index="0">
              <value>
                <![CDATA[Chrome]]>
              </value>
            </param>
          </params>
          <reporter-output>
          </reporter-output>
        </test-method> <!-- setbrowser -->
        <test-method status="PASS" signature="gethome()[pri:1, instance:THCG.VerifyNewSiteSetup@e320068]" name="gethome" duration-ms="11918" started-at="2017-12-11T20:15:39Z" finished-at="2017-12-11T20:15:51Z">
          <reporter-output>
          </reporter-output>
        </test-method> <!-- gethome -->
        <test-method status="PASS" signature="VerifyHome()[pri:2, instance:THCG.VerifyNewSiteSetup@e320068]" name="VerifyHome" duration-ms="66" started-at="2017-12-11T20:15:51Z" depends-on-methods="THCG.VerifyNewSiteSetup.gethome" finished-at="2017-12-11T20:15:51Z">
          <reporter-output>
          </reporter-output>
        </test-method> <!-- VerifyHome -->
        <test-method status="FAIL" signature="VerifyPageSource()[pri:3, instance:THCG.VerifyNewSiteSetup@e320068]" name="VerifyPageSource" duration-ms="29" started-at="2017-12-11T20:15:51Z" depends-on-methods="THCG.VerifyNewSiteSetup.gethome" finished-at="2017-12-11T20:15:51Z">
          <exception class="java.lang.AssertionError">
            <message>
              <![CDATA[The following asserts failed:Title seems the default one: The Health Coach Group Template | The Health Coach Group Template expected [true] but found [false],Default Divi logo Path found: http://testthcg.thehealthcoachgroup.com/wp-content/themes/Divi/images/logo.png expected [true] but found [false],expected [Random Testimonial test found: Need to remove] but found [false]]]>
            </message>
            <full-stacktrace>
              <![CDATA[java.lang.AssertionError: The following asserts failed:Title seems the default one: The Health Coach Group Template | The Health Coach Group Template expected [true] but found [false],Default Divi logo Path found: http://testthcg.thehealthcoachgroup.com/wp-content/themes/Divi/images/logo.png expected [true] but found [false],expected [Random Testimonial test found: Need to remove] but found [false]at org.testng.asserts.SoftAssert.assertAll(SoftAssert.java:43)at THCG.VerifyNewSiteSetup.VerifyPageSource(VerifyNewSiteSetup.java:103)at sun.reflect.NativeMethodAccessorImpl.invoke0(Native Method)at sun.reflect.NativeMethodAccessorImpl.invoke(NativeMethodAccessorImpl.java:62)at sun.reflect.DelegatingMethodAccessorImpl.invoke(DelegatingMethodAccessorImpl.java:43)at java.lang.reflect.Method.invoke(Method.java:498)at org.testng.internal.MethodInvocationHelper.invokeMethod(MethodInvocationHelper.java:124)at org.testng.internal.Invoker.invokeMethod(Invoker.java:571)at org.testng.internal.Invoker.invokeTestMethod(Invoker.java:707)at org.testng.internal.Invoker.invokeTestMethods(Invoker.java:979)at org.testng.internal.TestMethodWorker.invokeTestMethods(TestMethodWorker.java:125)at org.testng.internal.TestMethodWorker.run(TestMethodWorker.java:109)at org.testng.TestRunner.privateRun(TestRunner.java:648)at org.testng.TestRunner.run(TestRunner.java:505)at org.testng.SuiteRunner.runTest(SuiteRunner.java:455)at org.testng.SuiteRunner.runSequentially(SuiteRunner.java:450)at org.testng.SuiteRunner.privateRun(SuiteRunner.java:415)at org.testng.SuiteRunner.run(SuiteRunner.java:364)at org.testng.SuiteRunnerWorker.runSuite(SuiteRunnerWorker.java:52)at org.testng.SuiteRunnerWorker.run(SuiteRunnerWorker.java:84)at org.testng.TestNG.runSuitesSequentially(TestNG.java:1187)at org.testng.TestNG.runSuitesLocally(TestNG.java:1116)at org.testng.TestNG.runSuites(TestNG.java:1028)at org.testng.TestNG.run(TestNG.java:996)at org.testng.remote.AbstractRemoteTestNG.run(AbstractRemoteTestNG.java:114)at org.testng.remote.RemoteTestNG.initAndRun(RemoteTestNG.java:251)at org.testng.remote.RemoteTestNG.main(RemoteTestNG.java:77)]]>
            </full-stacktrace>
          </exception> <!-- java.lang.AssertionError -->
          <reporter-output>
          </reporter-output>
        </test-method> <!-- VerifyPageSource -->
        <test-method status="PASS" signature="ApplicationQuit()[pri:0, instance:THCG.VerifyNewSiteSetup@e320068]" name="ApplicationQuit" is-config="true" duration-ms="634" started-at="2017-12-11T20:15:51Z" finished-at="2017-12-11T20:15:52Z">
          <reporter-output>
          </reporter-output>
        </test-method> <!-- ApplicationQuit -->
      </class> <!-- THCG.VerifyNewSiteSetup -->
    </test> <!-- Testthcg -->
  </suite> <!-- Suite -->
</testng-results>
