<?xml version="1.0" encoding="UTF-8"?>
<!-- Generated by org.testng.reporters.JUnitXMLReporter -->
<testsuite hostname="Ankush-PC" ignored="0" name="Default test" tests="3" failures="0" timestamp="11 Dec 2017 10:54:41 GMT" time="0.05" errors="0">
  <testcase name="@BeforeTest setbrowser" time="0.0" classname="THCG.VerifyNewSiteSetup">
    <failure type="org.testng.TestNGException" message="
Parameter &amp;apos;browser&amp;apos; is required by BeforeTest on method setbrowser but has not been marked @Optional or defined
in C:\Users\Ankush\AppData\Local\Temp\testng-eclipse--1727591302\testng-customsuite.xml">
      <![CDATA[org.testng.TestNGException: Parameter 'browser' is required by BeforeTest on method setbrowser but has not been marked @Optional or definedin C:\Users\Ankush\AppData\Local\Temp\testng-eclipse--1727591302\testng-customsuite.xmlat org.testng.internal.Parameters.createParams(Parameters.java:290)at org.testng.internal.Parameters.createParametersForMethod(Parameters.java:359)at org.testng.internal.Parameters.createParameters(Parameters.java:620)at org.testng.internal.Parameters.createConfigurationParameters(Parameters.java:190)at org.testng.internal.Invoker.invokeConfigurations(Invoker.java:209)at org.testng.internal.Invoker.invokeConfigurations(Invoker.java:142)at org.testng.TestRunner.beforeRun(TestRunner.java:529)at org.testng.TestRunner.run(TestRunner.java:497)at org.testng.SuiteRunner.runTest(SuiteRunner.java:455)at org.testng.SuiteRunner.runSequentially(SuiteRunner.java:450)at org.testng.SuiteRunner.privateRun(SuiteRunner.java:415)at org.testng.SuiteRunner.run(SuiteRunner.java:364)at org.testng.SuiteRunnerWorker.runSuite(SuiteRunnerWorker.java:52)at org.testng.SuiteRunnerWorker.run(SuiteRunnerWorker.java:84)at org.testng.TestNG.runSuitesSequentially(TestNG.java:1187)at org.testng.TestNG.runSuitesLocally(TestNG.java:1116)at org.testng.TestNG.runSuites(TestNG.java:1028)at org.testng.TestNG.run(TestNG.java:996)at org.testng.remote.AbstractRemoteTestNG.run(AbstractRemoteTestNG.java:114)at org.testng.remote.RemoteTestNG.initAndRun(RemoteTestNG.java:251)at org.testng.remote.RemoteTestNG.main(RemoteTestNG.java:77)]]>
    </failure>
  </testcase> <!-- @BeforeTest setbrowser -->
  <testcase name="@AfterTest ApplicationQuit" time="0.0" classname="THCG.VerifyNewSiteSetup">
    <skipped/>
  </testcase> <!-- @AfterTest ApplicationQuit -->
  <testcase name="gethome" time="0.0" classname="THCG.VerifyNewSiteSetup">
    <skipped/>
  </testcase> <!-- gethome -->
  <testcase name="VerifyHome" time="0.0" classname="THCG.VerifyNewSiteSetup">
    <skipped/>
  </testcase> <!-- VerifyHome -->
  <testcase name="VerifyPageSource" time="0.0" classname="THCG.VerifyNewSiteSetup">
    <skipped/>
  </testcase> <!-- VerifyPageSource -->
</testsuite> <!-- Default test -->
