<?xml version="1.0" encoding="UTF-8"?>
<!-- Generated by org.testng.reporters.JUnitReportReporter -->
<testsuite skipped="0" hostname="Ankush-PC" name="THCG.VerifyNewSiteSetup" tests="3" failures="1" timestamp="11 Dec 2017 14:45:52 GMT" time="12.013" errors="0">
  <testcase name="gethome" time="11.918" classname="THCG.VerifyNewSiteSetup"/>
  <testcase name="VerifyHome" time="0.066" classname="THCG.VerifyNewSiteSetup"/>
  <testcase name="VerifyPageSource" time="0.029" classname="THCG.VerifyNewSiteSetup">
    <failure type="java.lang.AssertionError" message="The following asserts failed:
	Title seems the default one: The Health Coach Group Template | The Health Coach Group Template expected [true] but found [false],
	Default Divi logo Path found: http://testthcg.thehealthcoachgroup.com/wp-content/themes/Divi/images/logo.png expected [true] but found [false],
	expected [Random Testimonial test found: Need to remove] but found [false]">
      <![CDATA[java.lang.AssertionError: The following asserts failed:Title seems the default one: The Health Coach Group Template | The Health Coach Group Template expected [true] but found [false],Default Divi logo Path found: http://testthcg.thehealthcoachgroup.com/wp-content/themes/Divi/images/logo.png expected [true] but found [false],expected [Random Testimonial test found: Need to remove] but found [false]at org.testng.asserts.SoftAssert.assertAll(SoftAssert.java:43)at THCG.VerifyNewSiteSetup.VerifyPageSource(VerifyNewSiteSetup.java:103)at sun.reflect.NativeMethodAccessorImpl.invoke0(Native Method)at sun.reflect.NativeMethodAccessorImpl.invoke(NativeMethodAccessorImpl.java:62)at sun.reflect.DelegatingMethodAccessorImpl.invoke(DelegatingMethodAccessorImpl.java:43)at java.lang.reflect.Method.invoke(Method.java:498)at org.testng.internal.MethodInvocationHelper.invokeMethod(MethodInvocationHelper.java:124)at org.testng.internal.Invoker.invokeMethod(Invoker.java:571)at org.testng.internal.Invoker.invokeTestMethod(Invoker.java:707)at org.testng.internal.Invoker.invokeTestMethods(Invoker.java:979)at org.testng.internal.TestMethodWorker.invokeTestMethods(TestMethodWorker.java:125)at org.testng.internal.TestMethodWorker.run(TestMethodWorker.java:109)at org.testng.TestRunner.privateRun(TestRunner.java:648)at org.testng.TestRunner.run(TestRunner.java:505)at org.testng.SuiteRunner.runTest(SuiteRunner.java:455)at org.testng.SuiteRunner.runSequentially(SuiteRunner.java:450)at org.testng.SuiteRunner.privateRun(SuiteRunner.java:415)at org.testng.SuiteRunner.run(SuiteRunner.java:364)at org.testng.SuiteRunnerWorker.runSuite(SuiteRunnerWorker.java:52)at org.testng.SuiteRunnerWorker.run(SuiteRunnerWorker.java:84)at org.testng.TestNG.runSuitesSequentially(TestNG.java:1187)at org.testng.TestNG.runSuitesLocally(TestNG.java:1116)at org.testng.TestNG.runSuites(TestNG.java:1028)at org.testng.TestNG.run(TestNG.java:996)at org.testng.remote.AbstractRemoteTestNG.run(AbstractRemoteTestNG.java:114)at org.testng.remote.RemoteTestNG.initAndRun(RemoteTestNG.java:251)at org.testng.remote.RemoteTestNG.main(RemoteTestNG.java:77)]]>
    </failure>
  </testcase> <!-- VerifyPageSource -->
</testsuite> <!-- THCG.VerifyNewSiteSetup -->
